This is pdfTeX, Version 3.141592653-2.6-1.40.27 (MiKTeX 25.4) (preloaded format=pdflatex 2025.12.13)  22 JAN 2026 14:32
entering extended mode
 restricted \write18 enabled.
 file:line:error style messages enabled.
 %&-line parsing enabled.
**"c:/Users/Guill3/Documents/RESIDENCIA PROFESIONAL/PRACTICAS/distributionMapApp/presentacion/presentacion.tex"
(c:/Users/Guill3/Documents/RESIDENCIA PROFESIONAL/PRACTICAS/distributionMapApp/presentacion/presentacion.tex
LaTeX2e <2025-11-01>
L3 programming layer <2025-11-06>
(C:\Users\Guill3\AppData\Local\Programs\MiKTeX\tex/latex/beamer\beamer.cls
Document Class: beamer 2025/08/13 v3.76 A class for typesetting presentations
(C:\Users\Guill3\AppData\Local\Programs\MiKTeX\tex/latex/beamer\beamerbasemodes.sty (C:\Users\Guill3\AppData\Local\Programs\MiKTeX\tex/latex/etoolbox\etoolbox.sty
Package: etoolbox 2025/10/02 v2.5m e-TeX tools for LaTeX (JAW)
\etb@tempcnta=\count275
)
\beamer@tempbox=\box53
\beamer@tempcount=\count276
\c@beamerpauses=\count277
 (C:\Users\Guill3\AppData\Local\Programs\MiKTeX\tex/latex/beamer\beamerbasedecode.sty
\beamer@slideinframe=\count278
\beamer@minimum=\count279
\beamer@decode@box=\box54
)
\beamer@commentbox=\box55
\beamer@modecount=\count280
) (C:\Users\Guill3\AppData\Local\Programs\MiKTeX\tex/generic/iftex\iftex.sty
Package: iftex 2024/12/12 v1.0g TeX engine tests
)
\headdp=\dimen148
\footheight=\dimen149
\sidebarheight=\dimen150
\beamer@tempdim=\dimen151
\beamer@finalheight=\dimen152
\beamer@animht=\dimen153
\beamer@animdp=\dimen154
\beamer@animwd=\dimen155
\beamer@leftmargin=\dimen156
\beamer@rightmargin=\dimen157
\beamer@leftsidebar=\dimen158
\beamer@rightsidebar=\dimen159
\beamer@boxsize=\dimen160
\beamer@vboxoffset=\dimen161
\beamer@descdefault=\dimen162
\beamer@descriptionwidth=\dimen163
\beamer@lastskip=\skip49
\beamer@areabox=\box56
\beamer@animcurrent=\box57
\beamer@animshowbox=\box58
\beamer@sectionbox=\box59
\beamer@logobox=\box60
\beamer@linebox=\box61
\beamer@sectioncount=\count281
\beamer@subsubsectionmax=\count282
\beamer@subsectionmax=\count283
\beamer@sectionmax=\count284
\beamer@totalheads=\count285
\beamer@headcounter=\count286
\beamer@partstartpage=\count287
\beamer@sectionstartpage=\count288
\beamer@subsectionstartpage=\count289
\beamer@animationtempa=\count290
\beamer@animationtempb=\count291
\beamer@xpos=\count292
\beamer@ypos=\count293
\beamer@ypos@offset=\count294
\beamer@showpartnumber=\count295
\beamer@currentsubsection=\count296
\beamer@coveringdepth=\count297
\beamer@sectionadjust=\count298
\beamer@toclastsection=\count299
\beamer@tocsectionnumber=\count300
 (C:\Users\Guill3\AppData\Local\Programs\MiKTeX\tex/latex/beamer\beamerbaseoptions.sty (C:\Users\Guill3\AppData\Local\Programs\MiKTeX\tex/latex/graphics\keyval.sty
Package: keyval 2022/05/29 v1.15 key=value parser (DPC)
\KV@toks@=\toks17
))
\beamer@paperwidth=\skip50
\beamer@paperheight=\skip51
 (C:\Users\Guill3\AppData\Local\Programs\MiKTeX\tex/latex/geometry\geometry.sty
Package: geometry 2020/01/02 v5.9 Page Geometry
 (C:\Users\Guill3\AppData\Local\Programs\MiKTeX\tex/generic/iftex\ifvtex.sty
Package: ifvtex 2019/10/25 v1.7 ifvtex legacy package. Use iftex instead.
)
\Gm@cnth=\count301
\Gm@cntv=\count302
\c@Gm@tempcnt=\count303
\Gm@bindingoffset=\dimen164
\Gm@wd@mp=\dimen165
\Gm@odd@mp=\dimen166
\Gm@even@mp=\dimen167
\Gm@layoutwidth=\dimen168
\Gm@layoutheight=\dimen169
\Gm@layouthoffset=\dimen170
\Gm@layoutvoffset=\dimen171
\Gm@dimlist=\toks18
 (C:\Users\Guill3\AppData\Local\Programs\MiKTeX\tex/latex/geometry\geometry.cfg)) (C:\Users\Guill3\AppData\Local\Programs\MiKTeX\tex/latex/pgf/math\pgfmath.sty (C:\Users\Guill3\AppData\Local\Programs\MiKTeX\tex/latex/pgf/utilities\pgfrcs.sty (C:\Users\Guill3\AppData\Local\Programs\MiKTeX\tex/generic/pgf/utilities\pgfutil-common.tex
\pgfutil@everybye=\toks19
\pgfutil@tempdima=\dimen172
\pgfutil@tempdimb=\dimen173
) (C:\Users\Guill3\AppData\Local\Programs\MiKTeX\tex/generic/pgf/utilities\pgfutil-latex.def
\pgfutil@abb=\box62
) (C:\Users\Guill3\AppData\Local\Programs\MiKTeX\tex/generic/pgf/utilities\pgfrcs.code.tex (C:\Users\Guill3\AppData\Local\Programs\MiKTeX\tex/generic/pgf\pgf.revision.tex)
Package: pgfrcs 2025-08-29 v3.1.11a (3.1.11a)
)) (C:\Users\Guill3\AppData\Local\Programs\MiKTeX\tex/latex/pgf/utilities\pgfkeys.sty (C:\Users\Guill3\AppData\Local\Programs\MiKTeX\tex/generic/pgf/utilities\pgfkeys.code.tex
\pgfkeys@pathtoks=\toks20
\pgfkeys@temptoks=\toks21
 (C:\Users\Guill3\AppData\Local\Programs\MiKTeX\tex/generic/pgf/utilities\pgfkeyslibraryfiltered.code.tex
\pgfkeys@tmptoks=\toks22
))) (C:\Users\Guill3\AppData\Local\Programs\MiKTeX\tex/generic/pgf/math\pgfmath.code.tex (C:\Users\Guill3\AppData\Local\Programs\MiKTeX\tex/generic/pgf/math\pgfmathutil.code.tex
\pgf@x=\dimen174
\pgf@xa=\dimen175
\pgf@xb=\dimen176
\pgf@xc=\dimen177
\pgf@y=\dimen178
\pgf@ya=\dimen179
\pgf@yb=\dimen180
\pgf@yc=\dimen181
\c@pgf@counta=\count304
\c@pgf@countb=\count305
\c@pgf@countc=\count306
\c@pgf@countd=\count307
) (C:\Users\Guill3\AppData\Local\Programs\MiKTeX\tex/generic/pgf/math\pgfmathparser.code.tex
\pgfmath@dimen=\dimen182
\pgfmath@count=\count308
\pgfmath@box=\box63
\pgfmath@toks=\toks23
\pgfmath@stack@operand=\toks24
\pgfmath@stack@operation=\toks25
) (C:\Users\Guill3\AppData\Local\Programs\MiKTeX\tex/generic/pgf/math\pgfmathfunctions.code.tex) (C:\Users\Guill3\AppData\Local\Programs\MiKTeX\tex/generic/pgf/math\pgfmathfunctions.basic.code.tex) (C:\Users\Guill3\AppData\Local\Programs\MiKTeX\tex/generic/pgf/math\pgfmathfunctions.trigonometric.code.tex) (C:\Users\Guill3\AppData\Local\Programs\MiKTeX\tex/generic/pgf/math\pgfmathfunctions.random.code.tex) (C:\Users\Guill3\AppData\Local\Programs\MiKTeX\tex/generic/pgf/math\pgfmathfunctions.comparison.code.tex) (C:\Users\Guill3\AppData\Local\Programs\MiKTeX\tex/generic/pgf/math\pgfmathfunctions.base.code.tex) (C:\Users\Guill3\AppData\Local\Programs\MiKTeX\tex/generic/pgf/math\pgfmathfunctions.round.code.tex) (C:\Users\Guill3\AppData\Local\Programs\MiKTeX\tex/generic/pgf/math\pgfmathfunctions.misc.code.tex) (C:\Users\Guill3\AppData\Local\Programs\MiKTeX\tex/generic/pgf/math\pgfmathfunctions.integerarithmetics.code.tex) (C:\Users\Guill3\AppData\Local\Programs\MiKTeX\tex/generic/pgf/math\pgfmathcalc.code.tex) (C:\Users\Guill3\AppData\Local\Programs\MiKTeX\tex/generic/pgf/math\pgfmathfloat.code.tex
\c@pgfmathroundto@lastzeros=\count309
))) (C:\Users\Guill3\AppData\Local\Programs\MiKTeX\tex/latex/base\size10.clo
File: size10.clo 2025/01/22 v1.4n Standard LaTeX file (size option)
) (C:\Users\Guill3\AppData\Local\Programs\MiKTeX\tex/latex/pgf/basiclayer\pgfcore.sty (C:\Users\Guill3\AppData\Local\Programs\MiKTeX\tex/latex/graphics\graphicx.sty
Package: graphicx 2024/12/31 v1.2e Enhanced LaTeX Graphics (DPC,SPQR)
 (C:\Users\Guill3\AppData\Local\Programs\MiKTeX\tex/latex/graphics\graphics.sty
Package: graphics 2024/08/06 v1.4g Standard LaTeX Graphics (DPC,SPQR)
 (C:\Users\Guill3\AppData\Local\Programs\MiKTeX\tex/latex/graphics\trig.sty
Package: trig 2023/12/02 v1.11 sin cos tan (DPC)
) (C:\Users\Guill3\AppData\Local\Programs\MiKTeX\tex/latex/graphics-cfg\graphics.cfg
File: graphics.cfg 2016/06/04 v1.11 sample graphics configuration
)
Package graphics Info: Driver file: pdftex.def on input line 106.
 (C:\Users\Guill3\AppData\Local\Programs\MiKTeX\tex/latex/graphics-def\pdftex.def
File: pdftex.def 2025/09/29 v1.2d Graphics/color driver for pdftex
))
\Gin@req@height=\dimen183
\Gin@req@width=\dimen184
) (C:\Users\Guill3\AppData\Local\Programs\MiKTeX\tex/latex/pgf/systemlayer\pgfsys.sty (C:\Users\Guill3\AppData\Local\Programs\MiKTeX\tex/generic/pgf/systemlayer\pgfsys.code.tex
Package: pgfsys 2025-08-29 v3.1.11a (3.1.11a)
\pgf@x=\dimen185
\pgf@y=\dimen186
\pgf@xa=\dimen187
\pgf@ya=\dimen188
\pgf@xb=\dimen189
\pgf@yb=\dimen190
\pgf@xc=\dimen191
\pgf@yc=\dimen192
\pgf@xd=\dimen193
\pgf@yd=\dimen194
\w@pgf@writea=\write3
\r@pgf@reada=\read2
\c@pgf@counta=\count310
\c@pgf@countb=\count311
\c@pgf@countc=\count312
\c@pgf@countd=\count313
\t@pgf@toka=\toks26
\t@pgf@tokb=\toks27
\t@pgf@tokc=\toks28
\pgf@sys@id@count=\count314
 (C:\Users\Guill3\AppData\Local\Programs\MiKTeX\tex/generic/pgf/systemlayer\pgf.cfg
File: pgf.cfg 2025-08-29 v3.1.11a (3.1.11a)
)
Driver file for pgf: pgfsys-pdftex.def
 (C:\Users\Guill3\AppData\Local\Programs\MiKTeX\tex/generic/pgf/systemlayer\pgfsys-pdftex.def
File: pgfsys-pdftex.def 2025-08-29 v3.1.11a (3.1.11a)
 (C:\Users\Guill3\AppData\Local\Programs\MiKTeX\tex/generic/pgf/systemlayer\pgfsys-common-pdf.def
File: pgfsys-common-pdf.def 2025-08-29 v3.1.11a (3.1.11a)
))) (C:\Users\Guill3\AppData\Local\Programs\MiKTeX\tex/generic/pgf/systemlayer\pgfsyssoftpath.code.tex
File: pgfsyssoftpath.code.tex 2025-08-29 v3.1.11a (3.1.11a)
\pgfsyssoftpath@smallbuffer@items=\count315
\pgfsyssoftpath@bigbuffer@items=\count316
) (C:\Users\Guill3\AppData\Local\Programs\MiKTeX\tex/generic/pgf/systemlayer\pgfsysprotocol.code.tex
File: pgfsysprotocol.code.tex 2025-08-29 v3.1.11a (3.1.11a)
)) (C:\Users\Guill3\AppData\Local\Programs\MiKTeX\tex/latex/xcolor\xcolor.sty
Package: xcolor 2024/09/29 v3.02 LaTeX color extensions (UK)
 (C:\Users\Guill3\AppData\Local\Programs\MiKTeX\tex/latex/graphics-cfg\color.cfg
File: color.cfg 2016/01/02 v1.6 sample color configuration
)
Package xcolor Info: Driver file: pdftex.def on input line 274.
 (C:\Users\Guill3\AppData\Local\Programs\MiKTeX\tex/latex/graphics\mathcolor.ltx)
Package xcolor Info: Model `cmy' substituted by `cmy0' on input line 1349.
Package xcolor Info: Model `hsb' substituted by `rgb' on input line 1353.
Package xcolor Info: Model `RGB' extended on input line 1365.
Package xcolor Info: Model `HTML' substituted by `rgb' on input line 1367.
Package xcolor Info: Model `Hsb' substituted by `hsb' on input line 1368.
Package xcolor Info: Model `tHsb' substituted by `hsb' on input line 1369.
Package xcolor Info: Model `HSB' substituted by `hsb' on input line 1370.
Package xcolor Info: Model `Gray' substituted by `gray' on input line 1371.
Package xcolor Info: Model `wave' substituted by `hsb' on input line 1372.
) (C:\Users\Guill3\AppData\Local\Programs\MiKTeX\tex/generic/pgf/basiclayer\pgfcore.code.tex
Package: pgfcore 2025-08-29 v3.1.11a (3.1.11a)
 (C:\Users\Guill3\AppData\Local\Programs\MiKTeX\tex/generic/pgf/math\pgfint.code.tex) (C:\Users\Guill3\AppData\Local\Programs\MiKTeX\tex/generic/pgf/basiclayer\pgfcorepoints.code.tex
File: pgfcorepoints.code.tex 2025-08-29 v3.1.11a (3.1.11a)
\pgf@picminx=\dimen195
\pgf@picmaxx=\dimen196
\pgf@picminy=\dimen197
\pgf@picmaxy=\dimen198
\pgf@pathminx=\dimen199
\pgf@pathmaxx=\dimen256
\pgf@pathminy=\dimen257
\pgf@pathmaxy=\dimen258
\pgf@xx=\dimen259
\pgf@xy=\dimen260
\pgf@yx=\dimen261
\pgf@yy=\dimen262
\pgf@zx=\dimen263
\pgf@zy=\dimen264
) (C:\Users\Guill3\AppData\Local\Programs\MiKTeX\tex/generic/pgf/basiclayer\pgfcorepathconstruct.code.tex
File: pgfcorepathconstruct.code.tex 2025-08-29 v3.1.11a (3.1.11a)
\pgf@path@lastx=\dimen265
\pgf@path@lasty=\dimen266
) (C:\Users\Guill3\AppData\Local\Programs\MiKTeX\tex/generic/pgf/basiclayer\pgfcorepathusage.code.tex
File: pgfcorepathusage.code.tex 2025-08-29 v3.1.11a (3.1.11a)
\pgf@shorten@end@additional=\dimen267
\pgf@shorten@start@additional=\dimen268
) (C:\Users\Guill3\AppData\Local\Programs\MiKTeX\tex/generic/pgf/basiclayer\pgfcorescopes.code.tex
File: pgfcorescopes.code.tex 2025-08-29 v3.1.11a (3.1.11a)
\pgfpic=\box64
\pgf@hbox=\box65
\pgf@layerbox@main=\box66
\pgf@picture@serial@count=\count317
) (C:\Users\Guill3\AppData\Local\Programs\MiKTeX\tex/generic/pgf/basiclayer\pgfcoregraphicstate.code.tex
File: pgfcoregraphicstate.code.tex 2025-08-29 v3.1.11a (3.1.11a)
\pgflinewidth=\dimen269
) (C:\Users\Guill3\AppData\Local\Programs\MiKTeX\tex/generic/pgf/basiclayer\pgfcoretransformations.code.tex
File: pgfcoretransformations.code.tex 2025-08-29 v3.1.11a (3.1.11a)
\pgf@pt@x=\dimen270
\pgf@pt@y=\dimen271
\pgf@pt@temp=\dimen272
) (C:\Users\Guill3\AppData\Local\Programs\MiKTeX\tex/generic/pgf/basiclayer\pgfcorequick.code.tex
File: pgfcorequick.code.tex 2025-08-29 v3.1.11a (3.1.11a)
) (C:\Users\Guill3\AppData\Local\Programs\MiKTeX\tex/generic/pgf/basiclayer\pgfcoreobjects.code.tex
File: pgfcoreobjects.code.tex 2025-08-29 v3.1.11a (3.1.11a)
) (C:\Users\Guill3\AppData\Local\Programs\MiKTeX\tex/generic/pgf/basiclayer\pgfcorepathprocessing.code.tex
File: pgfcorepathprocessing.code.tex 2025-08-29 v3.1.11a (3.1.11a)
) (C:\Users\Guill3\AppData\Local\Programs\MiKTeX\tex/generic/pgf/basiclayer\pgfcorearrows.code.tex
File: pgfcorearrows.code.tex 2025-08-29 v3.1.11a (3.1.11a)
\pgfarrowsep=\dimen273
) (C:\Users\Guill3\AppData\Local\Programs\MiKTeX\tex/generic/pgf/basiclayer\pgfcoreshade.code.tex
File: pgfcoreshade.code.tex 2025-08-29 v3.1.11a (3.1.11a)
\pgf@max=\dimen274
\pgf@sys@shading@range@num=\count318
\pgf@shadingcount=\count319
) (C:\Users\Guill3\AppData\Local\Programs\MiKTeX\tex/generic/pgf/basiclayer\pgfcoreimage.code.tex
File: pgfcoreimage.code.tex 2025-08-29 v3.1.11a (3.1.11a)
) (C:\Users\Guill3\AppData\Local\Programs\MiKTeX\tex/generic/pgf/basiclayer\pgfcoreexternal.code.tex
File: pgfcoreexternal.code.tex 2025-08-29 v3.1.11a (3.1.11a)
\pgfexternal@startupbox=\box67
) (C:\Users\Guill3\AppData\Local\Programs\MiKTeX\tex/generic/pgf/basiclayer\pgfcorelayers.code.tex
File: pgfcorelayers.code.tex 2025-08-29 v3.1.11a (3.1.11a)
) (C:\Users\Guill3\AppData\Local\Programs\MiKTeX\tex/generic/pgf/basiclayer\pgfcoretransparency.code.tex
File: pgfcoretransparency.code.tex 2025-08-29 v3.1.11a (3.1.11a)
) (C:\Users\Guill3\AppData\Local\Programs\MiKTeX\tex/generic/pgf/basiclayer\pgfcorepatterns.code.tex
File: pgfcorepatterns.code.tex 2025-08-29 v3.1.11a (3.1.11a)
) (C:\Users\Guill3\AppData\Local\Programs\MiKTeX\tex/generic/pgf/basiclayer\pgfcorerdf.code.tex
File: pgfcorerdf.code.tex 2025-08-29 v3.1.11a (3.1.11a)
))) (C:\Users\Guill3\AppData\Local\Programs\MiKTeX\tex/latex/pgf/utilities\xxcolor.sty
Package: xxcolor 2003/10/24 ver 0.1
\XC@nummixins=\count320
\XC@countmixins=\count321
) (C:\Users\Guill3\AppData\Local\Programs\MiKTeX\tex/latex/base\atbegshi-ltx.sty
Package: atbegshi-ltx 2021/01/10 v1.0c Emulation of the original atbegshi
package with kernel methods
) (C:\Users\Guill3\AppData\Local\Programs\MiKTeX\tex/latex/hyperref\hyperref.sty
Package: hyperref 2025-07-12 v7.01o Hypertext links for LaTeX
 (C:\Users\Guill3\AppData\Local\Programs\MiKTeX\tex/latex/kvsetkeys\kvsetkeys.sty
Package: kvsetkeys 2022-10-05 v1.19 Key value parser (HO)
) (C:\Users\Guill3\AppData\Local\Programs\MiKTeX\tex/generic/kvdefinekeys\kvdefinekeys.sty
Package: kvdefinekeys 2019-12-19 v1.6 Define keys (HO)
) (C:\Users\Guill3\AppData\Local\Programs\MiKTeX\tex/generic/pdfescape\pdfescape.sty
Package: pdfescape 2019/12/09 v1.15 Implements pdfTeX's escape features (HO)
 (C:\Users\Guill3\AppData\Local\Programs\MiKTeX\tex/generic/ltxcmds\ltxcmds.sty
Package: ltxcmds 2023-12-04 v1.26 LaTeX kernel commands for general use (HO)
) (C:\Users\Guill3\AppData\Local\Programs\MiKTeX\tex/generic/pdftexcmds\pdftexcmds.sty
Package: pdftexcmds 2020-06-27 v0.33 Utility functions of pdfTeX for LuaTeX (HO)
 (C:\Users\Guill3\AppData\Local\Programs\MiKTeX\tex/generic/infwarerr\infwarerr.sty
Package: infwarerr 2019/12/03 v1.5 Providing info/warning/error messages (HO)
)
Package pdftexcmds Info: \pdf@primitive is available.
Package pdftexcmds Info: \pdf@ifprimitive is available.
Package pdftexcmds Info: \pdfdraftmode found.
)) (C:\Users\Guill3\AppData\Local\Programs\MiKTeX\tex/latex/hycolor\hycolor.sty
Package: hycolor 2020-01-27 v1.10 Color options for hyperref/bookmark (HO)
) (C:\Users\Guill3\AppData\Local\Programs\MiKTeX\tex/latex/hyperref\nameref.sty
Package: nameref 2025-06-21 v2.57 Cross-referencing by name of section
 (C:\Users\Guill3\AppData\Local\Programs\MiKTeX\tex/latex/refcount\refcount.sty
Package: refcount 2019/12/15 v3.6 Data extraction from label references (HO)
) (C:\Users\Guill3\AppData\Local\Programs\MiKTeX\tex/generic/gettitlestring\gettitlestring.sty
Package: gettitlestring 2019/12/15 v1.6 Cleanup title references (HO)
 (C:\Users\Guill3\AppData\Local\Programs\MiKTeX\tex/latex/kvoptions\kvoptions.sty
Package: kvoptions 2022-06-15 v3.15 Key value format for package options (HO)
))
\c@section@level=\count322
) (C:\Users\Guill3\AppData\Local\Programs\MiKTeX\tex/generic/stringenc\stringenc.sty
Package: stringenc 2019/11/29 v1.12 Convert strings between diff. encodings (HO)
)
\@linkdim=\dimen275
\Hy@linkcounter=\count323
\Hy@pagecounter=\count324
 (C:\Users\Guill3\AppData\Local\Programs\MiKTeX\tex/latex/hyperref\pd1enc.def
File: pd1enc.def 2025-07-12 v7.01o Hyperref: PDFDocEncoding definition (HO)
Now handling font encoding PD1 ...
... no UTF-8 mapping file for font encoding PD1
) (C:\Users\Guill3\AppData\Local\Programs\MiKTeX\tex/generic/intcalc\intcalc.sty
Package: intcalc 2019/12/15 v1.3 Expandable calculations with integers (HO)
)
\Hy@SavedSpaceFactor=\count325
 (C:\Users\Guill3\AppData\Local\Programs\MiKTeX\tex/latex/hyperref\puenc.def
File: puenc.def 2025-07-12 v7.01o Hyperref: PDF Unicode definition (HO)
Now handling font encoding PU ...
... no UTF-8 mapping file for font encoding PU
)
Package hyperref Info: Option `bookmarks' set `true' on input line 4066.
Package hyperref Info: Option `bookmarksopen' set `true' on input line 4066.
Package hyperref Info: Option `implicit' set `false' on input line 4066.
Package hyperref Info: Hyper figures OFF on input line 4195.
Package hyperref Info: Link nesting OFF on input line 4200.
Package hyperref Info: Hyper index ON on input line 4203.
Package hyperref Info: Plain pages OFF on input line 4210.
Package hyperref Info: Backreferencing OFF on input line 4215.
Package hyperref Info: Implicit mode OFF; no redefinition of LaTeX internals.
Package hyperref Info: Bookmarks ON on input line 4462.
\c@Hy@tempcnt=\count326
 (C:\Users\Guill3\AppData\Local\Programs\MiKTeX\tex/latex/url\url.sty
\Urlmuskip=\muskip17
Package: url 2013/09/16  ver 3.4  Verb mode for urls, etc.
)
LaTeX Info: Redefining \url on input line 4801.
\XeTeXLinkMargin=\dimen276
 (C:\Users\Guill3\AppData\Local\Programs\MiKTeX\tex/generic/bitset\bitset.sty
Package: bitset 2019/12/09 v1.3 Handle bit-vector datatype (HO)
 (C:\Users\Guill3\AppData\Local\Programs\MiKTeX\tex/generic/bigintcalc\bigintcalc.sty
Package: bigintcalc 2019/12/15 v1.5 Expandable calculations on big integers (HO)
))
\Fld@menulength=\count327
\Field@Width=\dimen277
\Fld@charsize=\dimen278
Package hyperref Info: Hyper figures OFF on input line 6078.
Package hyperref Info: Link nesting OFF on input line 6083.
Package hyperref Info: Hyper index ON on input line 6086.
Package hyperref Info: backreferencing OFF on input line 6093.
Package hyperref Info: Link coloring OFF on input line 6098.
Package hyperref Info: Link coloring with OCG OFF on input line 6103.
Package hyperref Info: PDF/A mode OFF on input line 6108.
\Hy@abspage=\count328


Package hyperref Message: Stopped early.

)
Package hyperref Info: Driver (autodetected): hpdftex.
 (C:\Users\Guill3\AppData\Local\Programs\MiKTeX\tex/latex/hyperref\hpdftex.def
File: hpdftex.def 2025-07-12 v7.01o Hyperref driver for pdfTeX
\Fld@listcount=\count329
\c@bookmark@seq@number=\count330
 (C:\Users\Guill3\AppData\Local\Programs\MiKTeX\tex/latex/rerunfilecheck\rerunfilecheck.sty
Package: rerunfilecheck 2025-06-21 v1.11 Rerun checks for auxiliary files (HO)
 (C:\Users\Guill3\AppData\Local\Programs\MiKTeX\tex/generic/uniquecounter\uniquecounter.sty
Package: uniquecounter 2019/12/15 v1.4 Provide unlimited unique counter (HO)
)
Package uniquecounter Info: New unique counter `rerunfilecheck' on input line 284.
)) (C:\Users\Guill3\AppData\Local\Programs\MiKTeX\tex/latex/beamer\beamerbaserequires.sty (C:\Users\Guill3\AppData\Local\Programs\MiKTeX\tex/latex/beamer\beamerbasecompatibility.sty) (C:\Users\Guill3\AppData\Local\Programs\MiKTeX\tex/latex/beamer\beamerbasefont.sty (C:\Users\Guill3\AppData\Local\Programs\MiKTeX\tex/latex/amsfonts\amssymb.sty
Package: amssymb 2013/01/14 v3.01 AMS font symbols
 (C:\Users\Guill3\AppData\Local\Programs\MiKTeX\tex/latex/amsfonts\amsfonts.sty
Package: amsfonts 2013/01/14 v3.01 Basic AMSFonts support
\@emptytoks=\toks29
\symAMSa=\mathgroup4
\symAMSb=\mathgroup5
LaTeX Font Info:    Redeclaring math symbol \hbar on input line 98.
LaTeX Font Info:    Overwriting math alphabet `\mathfrak' in version `bold'
(Font)                  U/euf/m/n --> U/euf/b/n on input line 106.
)) (C:\Users\Guill3\AppData\Local\Programs\MiKTeX\tex/latex/sansmathaccent\sansmathaccent.sty
Package: sansmathaccent 2020/01/31
 (C:\Users\Guill3\AppData\Local\Programs\MiKTeX\tex/latex/koma-script\scrlfile.sty
Package: scrlfile 2025/12/01 v3.49 KOMA-Script package (file load hooks)
 (C:\Users\Guill3\AppData\Local\Programs\MiKTeX\tex/latex/koma-script\scrlfile-hook.sty
Package: scrlfile-hook 2025/12/01 v3.49 KOMA-Script package (using LaTeX hooks)
 (C:\Users\Guill3\AppData\Local\Programs\MiKTeX\tex/latex/koma-script\scrlogo.sty
Package: scrlogo 2025/12/01 v3.49 KOMA-Script package (logo)
))))) (C:\Users\Guill3\AppData\Local\Programs\MiKTeX\tex/latex/beamer\beamerbasetranslator.sty (C:\Users\Guill3\AppData\Local\Programs\MiKTeX\tex/latex/translator\translator.sty
Package: translator 2021-05-31 v1.12d Easy translation of strings in LaTeX
)) (C:\Users\Guill3\AppData\Local\Programs\MiKTeX\tex/latex/beamer\beamerbasemisc.sty) (C:\Users\Guill3\AppData\Local\Programs\MiKTeX\tex/latex/beamer\beamerbasetwoscreens.sty) (C:\Users\Guill3\AppData\Local\Programs\MiKTeX\tex/latex/beamer\beamerbaseoverlay.sty
\beamer@argscount=\count331
\beamer@lastskipcover=\skip52
\beamer@trivlistdepth=\count332
) (C:\Users\Guill3\AppData\Local\Programs\MiKTeX\tex/latex/beamer\beamerbasetitle.sty) (C:\Users\Guill3\AppData\Local\Programs\MiKTeX\tex/latex/beamer\beamerbasesection.sty
\c@lecture=\count333
\c@part=\count334
\c@section=\count335
\c@subsection=\count336
\c@subsubsection=\count337
) (C:\Users\Guill3\AppData\Local\Programs\MiKTeX\tex/latex/beamer\beamerbaseframe.sty
\beamer@framebox=\box68
\beamer@frametitlebox=\box69
\beamer@zoombox=\box70
\beamer@zoomcount=\count338
\beamer@zoomframecount=\count339
\beamer@frametextheight=\dimen279
\c@subsectionslide=\count340
\beamer@frametopskip=\skip53
\beamer@framebottomskip=\skip54
\beamer@frametopskipautobreak=\skip55
\beamer@framebottomskipautobreak=\skip56
\beamer@envbody=\toks30
\framewidth=\dimen280
\c@framenumber=\count341
) (C:\Users\Guill3\AppData\Local\Programs\MiKTeX\tex/latex/beamer\beamerbaseverbatim.sty
\beamer@verbatimfileout=\write4
) (C:\Users\Guill3\AppData\Local\Programs\MiKTeX\tex/latex/beamer\beamerbaseframesize.sty
\beamer@splitbox=\box71
\beamer@autobreakcount=\count342
\beamer@autobreaklastheight=\dimen281
\beamer@frametitletoks=\toks31
\beamer@framesubtitletoks=\toks32
) (C:\Users\Guill3\AppData\Local\Programs\MiKTeX\tex/latex/beamer\beamerbaseframecomponents.sty
\beamer@colheight=\skip57
\beamer@footins=\box72
) (C:\Users\Guill3\AppData\Local\Programs\MiKTeX\tex/latex/beamer\beamerbasecolor.sty) (C:\Users\Guill3\AppData\Local\Programs\MiKTeX\tex/latex/beamer\beamerbasenotes.sty
\beamer@frameboxcopy=\box73
) (C:\Users\Guill3\AppData\Local\Programs\MiKTeX\tex/latex/beamer\beamerbasetoc.sty) (C:\Users\Guill3\AppData\Local\Programs\MiKTeX\tex/latex/beamer\beamerbasetemplates.sty
\beamer@sbttoks=\toks33
 (C:\Users\Guill3\AppData\Local\Programs\MiKTeX\tex/latex/beamer\beamerbaseauxtemplates.sty (C:\Users\Guill3\AppData\Local\Programs\MiKTeX\tex/latex/beamer\beamerbaseboxes.sty
\bmb@box=\box74
\bmb@colorbox=\box75
\bmb@boxwidth=\dimen282
\bmb@boxheight=\dimen283
\bmb@prevheight=\dimen284
\bmb@temp=\dimen285
\bmb@dima=\dimen286
\bmb@dimb=\dimen287
\bmb@prevheight=\dimen288
)
\beamer@blockheadheight=\dimen289
)) (C:\Users\Guill3\AppData\Local\Programs\MiKTeX\tex/latex/beamer\beamerbaselocalstructure.sty (C:\Users\Guill3\AppData\Local\Programs\MiKTeX\tex/latex/tools\enumerate.sty
Package: enumerate 2023/07/04 v3.00 enumerate extensions (DPC)
\@enLab=\toks34
)
\beamer@bibiconwidth=\skip58
\c@figure=\count343
\c@table=\count344
\abovecaptionskip=\skip59
\belowcaptionskip=\skip60
) (C:\Users\Guill3\AppData\Local\Programs\MiKTeX\tex/latex/beamer\beamerbasenavigation.sty (C:\Users\Guill3\AppData\Local\Programs\MiKTeX\tex/latex/beamer\beamerbasenavigationsymbols.tex)
\beamer@section@min@dim=\dimen290
) (C:\Users\Guill3\AppData\Local\Programs\MiKTeX\tex/latex/beamer\beamerbasetheorems.sty (C:\Users\Guill3\AppData\Local\Programs\MiKTeX\tex/latex/amsmath\amsmath.sty
Package: amsmath 2025/07/09 v2.17z AMS math features
\@mathmargin=\skip61

For additional information on amsmath, use the `?' option.
(C:\Users\Guill3\AppData\Local\Programs\MiKTeX\tex/latex/amsmath\amstext.sty
Package: amstext 2024/11/17 v2.01 AMS text
 (C:\Users\Guill3\AppData\Local\Programs\MiKTeX\tex/latex/amsmath\amsgen.sty
File: amsgen.sty 1999/11/30 v2.0 generic functions
\@emptytoks=\toks35
\ex@=\dimen291
)) (C:\Users\Guill3\AppData\Local\Programs\MiKTeX\tex/latex/amsmath\amsbsy.sty
Package: amsbsy 1999/11/29 v1.2d Bold Symbols
\pmbraise@=\dimen292
) (C:\Users\Guill3\AppData\Local\Programs\MiKTeX\tex/latex/amsmath\amsopn.sty
Package: amsopn 2022/04/08 v2.04 operator names
)
\inf@bad=\count345
LaTeX Info: Redefining \frac on input line 233.
\uproot@=\count346
\leftroot@=\count347
LaTeX Info: Redefining \overline on input line 398.
LaTeX Info: Redefining \colon on input line 409.
\classnum@=\count348
\DOTSCASE@=\count349
LaTeX Info: Redefining \ldots on input line 495.
LaTeX Info: Redefining \dots on input line 498.
LaTeX Info: Redefining \cdots on input line 619.
\Mathstrutbox@=\box76
\strutbox@=\box77
LaTeX Info: Redefining \big on input line 721.
LaTeX Info: Redefining \Big on input line 722.
LaTeX Info: Redefining \bigg on input line 723.
LaTeX Info: Redefining \Bigg on input line 724.
\big@size=\dimen293
LaTeX Font Info:    Redeclaring font encoding OML on input line 742.
LaTeX Font Info:    Redeclaring font encoding OMS on input line 743.
\macc@depth=\count350
LaTeX Info: Redefining \bmod on input line 904.
LaTeX Info: Redefining \pmod on input line 909.
LaTeX Info: Redefining \smash on input line 939.
LaTeX Info: Redefining \relbar on input line 969.
LaTeX Info: Redefining \Relbar on input line 970.
\c@MaxMatrixCols=\count351
\dotsspace@=\muskip18
\c@parentequation=\count352
\dspbrk@lvl=\count353
\tag@help=\toks36
\row@=\count354
\column@=\count355
\maxfields@=\count356
\andhelp@=\toks37
\eqnshift@=\dimen294
\alignsep@=\dimen295
\tagshift@=\dimen296
\tagwidth@=\dimen297
\totwidth@=\dimen298
\lineht@=\dimen299
\@envbody=\toks38
\multlinegap=\skip62
\multlinetaggap=\skip63
\mathdisplay@stack=\toks39
LaTeX Info: Redefining \[ on input line 2950.
LaTeX Info: Redefining \] on input line 2951.
) (C:\Users\Guill3\AppData\Local\Programs\MiKTeX\tex/latex/amscls\amsthm.sty
Package: amsthm 2020/05/29 v2.20.6
\thm@style=\toks40
\thm@bodyfont=\toks41
\thm@headfont=\toks42
\thm@notefont=\toks43
\thm@headpunct=\toks44
\thm@preskip=\skip64
\thm@postskip=\skip65
\thm@headsep=\skip66
\dth@everypar=\toks45
)
\c@theorem=\count357
) (C:\Users\Guill3\AppData\Local\Programs\MiKTeX\tex/latex/beamer\beamerbasethemes.sty)) (C:\Users\Guill3\AppData\Local\Programs\MiKTeX\tex/latex/beamer\beamerthemedefault.sty (C:\Users\Guill3\AppData\Local\Programs\MiKTeX\tex/latex/beamer\beamerfontthemedefault.sty) (C:\Users\Guill3\AppData\Local\Programs\MiKTeX\tex/latex/beamer\beamercolorthemedefault.sty) (C:\Users\Guill3\AppData\Local\Programs\MiKTeX\tex/latex/beamer\beamerinnerthemedefault.sty
\beamer@dima=\dimen300
\beamer@dimb=\dimen301
) (C:\Users\Guill3\AppData\Local\Programs\MiKTeX\tex/latex/beamer\beamerouterthemedefault.sty))) (C:\Users\Guill3\AppData\Local\Programs\MiKTeX\tex/latex/pgf/frontendlayer\tikz.sty (C:\Users\Guill3\AppData\Local\Programs\MiKTeX\tex/latex/pgf/basiclayer\pgf.sty
Package: pgf 2025-08-29 v3.1.11a (3.1.11a)
 (C:\Users\Guill3\AppData\Local\Programs\MiKTeX\tex/generic/pgf/modules\pgfmoduleshapes.code.tex
File: pgfmoduleshapes.code.tex 2025-08-29 v3.1.11a (3.1.11a)
\pgfnodeparttextbox=\box78
) (C:\Users\Guill3\AppData\Local\Programs\MiKTeX\tex/generic/pgf/modules\pgfmoduleplot.code.tex
File: pgfmoduleplot.code.tex 2025-08-29 v3.1.11a (3.1.11a)
) (C:\Users\Guill3\AppData\Local\Programs\MiKTeX\tex/latex/pgf/compatibility\pgfcomp-version-0-65.sty
Package: pgfcomp-version-0-65 2025-08-29 v3.1.11a (3.1.11a)
\pgf@nodesepstart=\dimen302
\pgf@nodesepend=\dimen303
) (C:\Users\Guill3\AppData\Local\Programs\MiKTeX\tex/latex/pgf/compatibility\pgfcomp-version-1-18.sty
Package: pgfcomp-version-1-18 2025-08-29 v3.1.11a (3.1.11a)
)) (C:\Users\Guill3\AppData\Local\Programs\MiKTeX\tex/latex/pgf/utilities\pgffor.sty (C:\Users\Guill3\AppData\Local\Programs\MiKTeX\tex/generic/pgf/utilities\pgffor.code.tex
Package: pgffor 2025-08-29 v3.1.11a (3.1.11a)
\pgffor@iter=\dimen304
\pgffor@skip=\dimen305
\pgffor@stack=\toks46
\pgffor@toks=\toks47
)) (C:\Users\Guill3\AppData\Local\Programs\MiKTeX\tex/generic/pgf/frontendlayer/tikz\tikz.code.tex
Package: tikz 2025-08-29 v3.1.11a (3.1.11a)
 (C:\Users\Guill3\AppData\Local\Programs\MiKTeX\tex/generic/pgf/libraries\pgflibraryplothandlers.code.tex
File: pgflibraryplothandlers.code.tex 2025-08-29 v3.1.11a (3.1.11a)
\pgf@plot@mark@count=\count358
\pgfplotmarksize=\dimen306
)
\tikz@lastx=\dimen307
\tikz@lasty=\dimen308
\tikz@lastxsaved=\dimen309
\tikz@lastysaved=\dimen310
\tikz@lastmovetox=\dimen311
\tikz@lastmovetoy=\dimen312
\tikzleveldistance=\dimen313
\tikzsiblingdistance=\dimen314
\tikz@figbox=\box79
\tikz@figbox@bg=\box80
\tikz@tempbox=\box81
\tikz@tempbox@bg=\box82
\tikztreelevel=\count359
\tikznumberofchildren=\count360
\tikznumberofcurrentchild=\count361
\tikz@fig@count=\count362
 (C:\Users\Guill3\AppData\Local\Programs\MiKTeX\tex/generic/pgf/modules\pgfmodulematrix.code.tex
File: pgfmodulematrix.code.tex 2025-08-29 v3.1.11a (3.1.11a)
\pgfmatrixcurrentrow=\count363
\pgfmatrixcurrentcolumn=\count364
\pgf@matrix@numberofcolumns=\count365
)
\tikz@expandcount=\count366
 (C:\Users\Guill3\AppData\Local\Programs\MiKTeX\tex/generic/pgf/frontendlayer/tikz/libraries\tikzlibrarytopaths.code.tex
File: tikzlibrarytopaths.code.tex 2025-08-29 v3.1.11a (3.1.11a)
))) (C:\Users\Guill3\AppData\Local\Programs\MiKTeX\tex/generic/pgf/libraries\pgflibraryarrows.meta.code.tex
File: pgflibraryarrows.meta.code.tex 2025-08-29 v3.1.11a (3.1.11a)
\pgfarrowinset=\dimen315
\pgfarrowlength=\dimen316
\pgfarrowwidth=\dimen317
\pgfarrowlinewidth=\dimen318
) (C:\Users\Guill3\AppData\Local\Programs\MiKTeX\tex/generic/pgf/frontendlayer/tikz/libraries\tikzlibrarypositioning.code.tex
File: tikzlibrarypositioning.code.tex 2025-08-29 v3.1.11a (3.1.11a)
) (C:\Users\Guill3\AppData\Local\Programs\MiKTeX\tex/latex/beamer\beamerthemeMadrid.sty (C:\Users\Guill3\AppData\Local\Programs\MiKTeX\tex/latex/beamer\beamercolorthemewhale.sty) (C:\Users\Guill3\AppData\Local\Programs\MiKTeX\tex/latex/beamer\beamercolorthemeorchid.sty) (C:\Users\Guill3\AppData\Local\Programs\MiKTeX\tex/latex/beamer\beamerinnerthemerounded.sty) (C:\Users\Guill3\AppData\Local\Programs\MiKTeX\tex/latex/beamer\beamerouterthemeinfolines.sty)) (C:\Users\Guill3\AppData\Local\Programs\MiKTeX\tex/latex/beamer\beamercolorthemedolphin.sty) (C:\Users\Guill3\AppData\Local\Programs\MiKTeX\tex/latex/base\inputenc.sty
Package: inputenc 2024/02/08 v1.3d Input encoding file
\inpenc@prehook=\toks48
\inpenc@posthook=\toks49
) (C:\Users\Guill3\AppData\Local\Programs\MiKTeX\tex/generic/babel\babel.sty
Package: babel 2025/11/09 v25.15 The multilingual framework for LuaLaTeX, pdfLaTeX and XeLaTeX
\babel@savecnt=\count367
LaTeX Encoding Info:    Redeclaring text command \ij (encoding OT1) on input line 2050.
LaTeX Encoding Info:    Redeclaring text command \IJ (encoding OT1) on input line 2052.
LaTeX Encoding Info:    Redeclaring text command \ij (encoding T1) on input line 2054.
LaTeX Encoding Info:    Redeclaring text command \IJ (encoding T1) on input line 2055.
LaTeX Encoding Info:    Ignoring declaration for text command \ij (encoding ?) on input line 2056.
LaTeX Encoding Info:    Ignoring declaration for text command \IJ (encoding ?) on input line 2058.
LaTeX Encoding Info:    Ignoring declaration for text command \SS (encoding ?) on input line 2083.
\U@D=\dimen319
\l@unhyphenated=\language79
 (C:\Users\Guill3\AppData\Local\Programs\MiKTeX\tex/generic/babel\txtbabel.def)
\bbl@readstream=\read3
LaTeX Info: Redefining \textlatin on input line 3942.
\bbl@dirlevel=\count368
Package babel Info: Configuration files are deprecated, as
(babel)             they can break document portability.
(babel)             Reported on input line 4175.

*************************************
* Local config file bblopts.cfg used
*
(C:\Users\Guill3\AppData\Local\Programs\MiKTeX\tex/latex/arabi\bblopts.cfg
File: bblopts.cfg 2005/09/08 v0.1 add Arabic and Farsi to "declared" options of babel
) (C:\Users\Guill3\AppData\Local\Programs\MiKTeX\tex/generic/babel/locale/es\babel-spanish.tex)
Package babel Info: Importing font and identification data for spanish
(babel)             from babel-es.ini. Reported on input line 4298.
 (C:\Users\Guill3\AppData\Local\Programs\MiKTeX\tex/latex/babel-spanish\spanish.ldf
Language: spanish.ldf 2021/05/27 v5.0q Spanish support from the babel system
\es@quottoks=\toks50
\es@quotdepth=\count369
Package babel Info: Making " an active character on input line 570.
Package babel Info: Making . an active character on input line 675.
Package babel Info: Making < an active character on input line 722.
Package babel Info: Making > an active character on input line 722.
))
LaTeX Encoding Info:    Redeclaring text command \guillemotleft (encoding OT1) on input line 42.
LaTeX Encoding Info:    Redeclaring text command \guillemotright (encoding OT1) on input line 42.
 (C:\Users\Guill3\AppData\Local\Programs\MiKTeX\tex/latex/fontawesome5\fontawesome5.sty (C:\Users\Guill3\AppData\Local\Programs\MiKTeX\tex/latex/l3kernel\expl3.sty
Package: expl3 2025-11-06 L3 programming layer (loader) 
 (C:\Users\Guill3\AppData\Local\Programs\MiKTeX\tex/latex/l3backend\l3backend-pdftex.def
File: l3backend-pdftex.def 2025-10-09 L3 backend support: PDF output (pdfTeX)
\l__color_backend_stack_int=\count370
))
Package: fontawesome5 2022/05/02 v5.15.4 Font Awesome 5
 (C:\Users\Guill3\AppData\Local\Programs\MiKTeX\tex/latex/l3packages/l3keys2e\l3keys2e.sty
Package: l3keys2e 2025-10-09 LaTeX2e option processing using LaTeX3 keys
) (C:\Users\Guill3\AppData\Local\Programs\MiKTeX\tex/latex/l3packages/xparse\xparse.sty
Package: xparse 2025-10-09 L3 Experimental document command parser
) (C:\Users\Guill3\AppData\Local\Programs\MiKTeX\tex/latex/fontawesome5\fontawesome5-generic-helper.sty
Package: fontawesome5-generic-helper 2022/05/02 v5.15.4 non-uTeX helper for fontawesome5
 (C:\Users\Guill3\AppData\Local\Programs\MiKTeX\tex/latex/fontawesome5\fontawesome5-mapping.def))) (C:\Users\Guill3\AppData\Local\Programs\MiKTeX\tex/latex/ragged2e\ragged2e.sty
Package: ragged2e 2023/06/22 v3.6 ragged2e Package
\CenteringLeftskip=\skip67
\RaggedLeftLeftskip=\skip68
\RaggedRightLeftskip=\skip69
\CenteringRightskip=\skip70
\RaggedLeftRightskip=\skip71
\RaggedRightRightskip=\skip72
\CenteringParfillskip=\skip73
\RaggedLeftParfillskip=\skip74
\RaggedRightParfillskip=\skip75
\JustifyingParfillskip=\skip76
\CenteringParindent=\skip77
\RaggedLeftParindent=\skip78
\RaggedRightParindent=\skip79
\JustifyingParindent=\skip80
) (c:\Users\Guill3\Documents\RESIDENCIA PROFESIONAL\PRACTICAS\distributionMapApp\presentacion\build\presentacion.aux)
\openout1 = `presentacion.aux'.

LaTeX Font Info:    Checking defaults for OML/cmm/m/it on input line 89.
LaTeX Font Info:    ... okay on input line 89.
LaTeX Font Info:    Checking defaults for OMS/cmsy/m/n on input line 89.
LaTeX Font Info:    ... okay on input line 89.
LaTeX Font Info:    Checking defaults for OT1/cmr/m/n on input line 89.
LaTeX Font Info:    ... okay on input line 89.
LaTeX Font Info:    Checking defaults for T1/cmr/m/n on input line 89.
LaTeX Font Info:    ... okay on input line 89.
LaTeX Font Info:    Checking defaults for TS1/cmr/m/n on input line 89.
LaTeX Font Info:    ... okay on input line 89.
LaTeX Font Info:    Checking defaults for OMX/cmex/m/n on input line 89.
LaTeX Font Info:    ... okay on input line 89.
LaTeX Font Info:    Checking defaults for U/cmr/m/n on input line 89.
LaTeX Font Info:    ... okay on input line 89.
LaTeX Font Info:    Checking defaults for PD1/pdf/m/n on input line 89.
LaTeX Font Info:    ... okay on input line 89.
LaTeX Font Info:    Checking defaults for PU/pdf/m/n on input line 89.
LaTeX Font Info:    ... okay on input line 89.

*geometry* driver: auto-detecting
*geometry* detected driver: pdftex
*geometry* verbose mode - [ preamble ] result:
* driver: pdftex
* paper: custom
* layout: <same size as paper>
* layoutoffset:(h,v)=(0.0pt,0.0pt)
* modes: includehead includefoot 
* h-part:(L,W,R)=(10.00002pt, 435.24405pt, 10.00002pt)
* v-part:(T,H,B)=(0.0pt, 256.0748pt, 0.0pt)
* \paperwidth=455.24408pt
* \paperheight=256.0748pt
* \textwidth=435.24405pt
* \textheight=227.62207pt
* \oddsidemargin=-62.26997pt
* \evensidemargin=-62.26997pt
* \topmargin=-72.26999pt
* \headheight=14.22636pt
* \headsep=0.0pt
* \topskip=10.0pt
* \footskip=14.22636pt
* \marginparwidth=3.0pt
* \marginparsep=11.0pt
* \columnsep=10.0pt
* \skip\footins=9.0pt plus 4.0pt minus 2.0pt
* \hoffset=0.0pt
* \voffset=0.0pt
* \mag=1000
* \@twocolumnfalse
* \@twosidefalse
* \@mparswitchfalse
* \@reversemarginfalse
* (1in=72.27pt=25.4mm, 1cm=28.453pt)

(C:\Users\Guill3\AppData\Local\Programs\MiKTeX\tex/context/base/mkii\supp-pdf.mkii
[Loading MPS to PDF converter (version 2006.09.02).]
\scratchcounter=\count371
\scratchdimen=\dimen320
\scratchbox=\box83
\nofMPsegments=\count372
\nofMParguments=\count373
\everyMPshowfont=\toks51
\MPscratchCnt=\count374
\MPscratchDim=\dimen321
\MPnumerator=\count375
\makeMPintoPDFobject=\count376
\everyMPtoPDFconversion=\toks52
) (C:\Users\Guill3\AppData\Local\Programs\MiKTeX\tex/latex/epstopdf-pkg\epstopdf-base.sty
Package: epstopdf-base 2020-01-24 v2.11 Base part for package epstopdf
Package epstopdf-base Info: Redefining graphics rule for `.eps' on input line 485.
 (C:\Users\Guill3\AppData\Local\Programs\MiKTeX\tex/latex/00miktex\epstopdf-sys.cfg
File: epstopdf-sys.cfg 2021/03/18 v2.0 Configuration of epstopdf for MiKTeX
))
Package hyperref Info: Link coloring OFF on input line 89.
 (presentacion.out) (presentacion.out)
\@outlinefile=\write5
\openout5 = `presentacion.out'.

LaTeX Font Info:    Overwriting symbol font `operators' in version `normal'
(Font)                  OT1/cmr/m/n --> OT1/cmss/m/n on input line 89.
LaTeX Font Info:    Overwriting symbol font `operators' in version `bold'
(Font)                  OT1/cmr/bx/n --> OT1/cmss/b/n on input line 89.
\symnumbers=\mathgroup6
\sympureletters=\mathgroup7
LaTeX Font Info:    Overwriting math alphabet `\mathrm' in version `normal'
(Font)                  OT1/cmss/m/n --> OT1/cmr/m/n on input line 89.
LaTeX Font Info:    Redeclaring math alphabet \mathbf on input line 89.
LaTeX Font Info:    Overwriting math alphabet `\mathbf' in version `normal'
(Font)                  OT1/cmr/bx/n --> OT1/cmss/b/n on input line 89.
LaTeX Font Info:    Overwriting math alphabet `\mathbf' in version `bold'
(Font)                  OT1/cmr/bx/n --> OT1/cmss/b/n on input line 89.
LaTeX Font Info:    Redeclaring math alphabet \mathsf on input line 89.
LaTeX Font Info:    Overwriting math alphabet `\mathsf' in version `normal'
(Font)                  OT1/cmss/m/n --> OT1/cmss/m/n on input line 89.
LaTeX Font Info:    Overwriting math alphabet `\mathsf' in version `bold'
(Font)                  OT1/cmss/bx/n --> OT1/cmss/m/n on input line 89.
LaTeX Font Info:    Redeclaring math alphabet \mathit on input line 89.
LaTeX Font Info:    Overwriting math alphabet `\mathit' in version `normal'
(Font)                  OT1/cmr/m/it --> OT1/cmss/m/it on input line 89.
LaTeX Font Info:    Overwriting math alphabet `\mathit' in version `bold'
(Font)                  OT1/cmr/bx/it --> OT1/cmss/m/it on input line 89.
LaTeX Font Info:    Redeclaring math alphabet \mathtt on input line 89.
LaTeX Font Info:    Overwriting math alphabet `\mathtt' in version `normal'
(Font)                  OT1/cmtt/m/n --> OT1/cmtt/m/n on input line 89.
LaTeX Font Info:    Overwriting math alphabet `\mathtt' in version `bold'
(Font)                  OT1/cmtt/m/n --> OT1/cmtt/m/n on input line 89.
LaTeX Font Info:    Overwriting symbol font `numbers' in version `bold'
(Font)                  OT1/cmss/m/n --> OT1/cmss/b/n on input line 89.
LaTeX Font Info:    Overwriting symbol font `pureletters' in version `bold'
(Font)                  OT1/cmss/m/it --> OT1/cmss/b/it on input line 89.
LaTeX Font Info:    Overwriting math alphabet `\mathrm' in version `bold'
(Font)                  OT1/cmss/b/n --> OT1/cmr/b/n on input line 89.
LaTeX Font Info:    Overwriting math alphabet `\mathbf' in version `bold'
(Font)                  OT1/cmss/b/n --> OT1/cmss/b/n on input line 89.
LaTeX Font Info:    Overwriting math alphabet `\mathsf' in version `bold'
(Font)                  OT1/cmss/m/n --> OT1/cmss/b/n on input line 89.
LaTeX Font Info:    Overwriting math alphabet `\mathit' in version `bold'
(Font)                  OT1/cmss/m/it --> OT1/cmss/b/it on input line 89.
LaTeX Font Info:    Overwriting math alphabet `\mathtt' in version `bold'
(Font)                  OT1/cmtt/m/n --> OT1/cmtt/b/n on input line 89.
LaTeX Font Info:    Redeclaring symbol font `pureletters' on input line 89.
LaTeX Font Info:    Overwriting symbol font `pureletters' in version `normal'
(Font)                  OT1/cmss/m/it --> OT1/mathkerncmss/m/sl on input line 89.
LaTeX Font Info:    Overwriting symbol font `pureletters' in version `bold'
(Font)                  OT1/cmss/b/it --> OT1/mathkerncmss/m/sl on input line 89.
LaTeX Font Info:    Overwriting symbol font `pureletters' in version `bold'
(Font)                  OT1/mathkerncmss/m/sl --> OT1/mathkerncmss/bx/sl on input line 89.
 (C:\Users\Guill3\AppData\Local\Programs\MiKTeX\tex/latex/translator\translator-basic-dictionary-English.dict
Dictionary: translator-basic-dictionary, Language: English 
) (C:\Users\Guill3\AppData\Local\Programs\MiKTeX\tex/latex/translator\translator-bibliography-dictionary-English.dict
Dictionary: translator-bibliography-dictionary, Language: English 
) (C:\Users\Guill3\AppData\Local\Programs\MiKTeX\tex/latex/translator\translator-environment-dictionary-English.dict
Dictionary: translator-environment-dictionary, Language: English 
) (C:\Users\Guill3\AppData\Local\Programs\MiKTeX\tex/latex/translator\translator-months-dictionary-English.dict
Dictionary: translator-months-dictionary, Language: English 
) (C:\Users\Guill3\AppData\Local\Programs\MiKTeX\tex/latex/translator\translator-numbers-dictionary-English.dict
Dictionary: translator-numbers-dictionary, Language: English 
) (C:\Users\Guill3\AppData\Local\Programs\MiKTeX\tex/latex/translator\translator-theorem-dictionary-English.dict
Dictionary: translator-theorem-dictionary, Language: English 
)
LaTeX Info: Redefining \. on input line 89.
LaTeX Info: Redefining \% on input line 89.
Package babel Info: 'spanish' activates 'spanish' shorthands.
(babel)             Reported on input line 89.
 (c:\Users\Guill3\Documents\RESIDENCIA PROFESIONAL\PRACTICAS\distributionMapApp\presentacion\build\presentacion.nav)
Overfull \hbox (31.73558pt too wide) in paragraph at lines 89--89
 [][]  \OT1/cmss/m/n/5 ([])  
 []


Overfull \hbox (68.59888pt too wide) in paragraph at lines 89--89
 [][][][]  
 []


Overfull \hbox (31.73558pt too wide) in paragraph at lines 101--101
 [][]  \OT1/cmss/m/n/5 ([])  
 []


Overfull \hbox (68.59888pt too wide) in paragraph at lines 101--101
 [][][][]  
 []

<imagenes/logopecera.png, id=22, 680.0607pt x 249.0906pt>
File: imagenes/logopecera.png Graphic file (type png)
<use imagenes/logopecera.png>
Package pdftex.def Info: imagenes/logopecera.png  used on input line 101.
(pdftex.def)             Requested size: 62.13673pt x 22.76228pt.

Overfull \hbox (31.73558pt too wide) has occurred while \output is active
 [][]  \OT1/cmss/m/n/5 ([])  
 []


Overfull \hbox (68.59888pt too wide) has occurred while \output is active
 [][][][]  
 []

[1

{C:/Users/Guill3/AppData/Local/MiKTeX/fonts/map/pdftex/pdftex.map} <./imagenes/logopecera.png>]
Overfull \hbox (31.73558pt too wide) in paragraph at lines 112--112
 [][]  \OT1/cmss/m/n/5 ([])  
 []


Overfull \hbox (68.59888pt too wide) in paragraph at lines 112--112
 [][][][]  
 []

File: imagenes/logopecera.png Graphic file (type png)
<use imagenes/logopecera.png>
Package pdftex.def Info: imagenes/logopecera.png  used on input line 112.
(pdftex.def)             Requested size: 62.13673pt x 22.76228pt.

Overfull \hbox (31.73558pt too wide) has occurred while \output is active
 [][]  \OT1/cmss/m/n/5 ([])  
 []


Overfull \hbox (68.59888pt too wide) has occurred while \output is active
 [][][][]  
 []

[2

]
Overfull \hbox (31.73558pt too wide) in paragraph at lines 138--138
 [][]  \OT1/cmss/m/n/5 ([])  
 []


Overfull \hbox (68.59888pt too wide) in paragraph at lines 138--138
 [][][][]  
 []

<imagenes/01-aplicacion-completa.png, id=46, 1156.32pt x 686.565pt>
File: imagenes/01-aplicacion-completa.png Graphic file (type png)
<use imagenes/01-aplicacion-completa.png>
Package pdftex.def Info: imagenes/01-aplicacion-completa.png  used on input line 138.
(pdftex.def)             Requested size: 1156.31718pt x 686.56332pt.
LaTeX Font Info:    Trying to load font information for U+msa on input line 138.
(C:\Users\Guill3\AppData\Local\Programs\MiKTeX\tex/latex/amsfonts\umsa.fd
File: umsa.fd 2013/01/14 v3.01 AMS symbols A
)
LaTeX Font Info:    Trying to load font information for U+msb on input line 138.
 (C:\Users\Guill3\AppData\Local\Programs\MiKTeX\tex/latex/amsfonts\umsb.fd
File: umsb.fd 2013/01/14 v3.01 AMS symbols B
)
LaTeX Font Info:    Trying to load font information for OT1+mathkerncmss on input line 138.
 (C:\Users\Guill3\AppData\Local\Programs\MiKTeX\tex/latex/sansmathaccent\ot1mathkerncmss.fd
File: ot1mathkerncmss.fd 2020/01/31 Fontinst v1.933 font definitions for OT1/mathkerncmss.
)
File: imagenes/logopecera.png Graphic file (type png)
<use imagenes/logopecera.png>
Package pdftex.def Info: imagenes/logopecera.png  used on input line 138.
(pdftex.def)             Requested size: 62.13673pt x 22.76228pt.

Overfull \hbox (31.73558pt too wide) has occurred while \output is active
 [][]  \OT1/cmss/m/n/5 ([])  
 []


Overfull \hbox (68.59888pt too wide) has occurred while \output is active
 [][][][]  
 []

[3

 <./imagenes/01-aplicacion-completa.png>]
Overfull \hbox (31.73558pt too wide) in paragraph at lines 175--175
 [][]  \OT1/cmss/m/n/5 ([])  
 []


Overfull \hbox (68.59888pt too wide) in paragraph at lines 175--175
 [][][][]  
 []

File: imagenes/logopecera.png Graphic file (type png)
<use imagenes/logopecera.png>
Package pdftex.def Info: imagenes/logopecera.png  used on input line 175.
(pdftex.def)             Requested size: 62.13673pt x 22.76228pt.

Overfull \hbox (31.73558pt too wide) has occurred while \output is active
 [][]  \OT1/cmss/m/n/5 ([])  
 []


Overfull \hbox (68.59888pt too wide) has occurred while \output is active
 [][][][]  
 []

[4

]
Overfull \hbox (31.73558pt too wide) in paragraph at lines 209--209
 [][]  \OT1/cmss/m/n/5 ([])  
 []


Overfull \hbox (68.59888pt too wide) in paragraph at lines 209--209
 [][][][]  
 []

<imagenes/04-stack-tecnologico.png, id=63, 2007.5pt x 2007.5pt>
File: imagenes/04-stack-tecnologico.png Graphic file (type png)
<use imagenes/04-stack-tecnologico.png>
Package pdftex.def Info: imagenes/04-stack-tecnologico.png  used on input line 209.
(pdftex.def)             Requested size: 2007.49512pt x 2007.49512pt.
File: imagenes/logopecera.png Graphic file (type png)
<use imagenes/logopecera.png>
Package pdftex.def Info: imagenes/logopecera.png  used on input line 209.
(pdftex.def)             Requested size: 62.13673pt x 22.76228pt.

Overfull \hbox (31.73558pt too wide) has occurred while \output is active
 [][]  \OT1/cmss/m/n/5 ([])  
 []


Overfull \hbox (68.59888pt too wide) has occurred while \output is active
 [][][][]  
 []

[5

 <./imagenes/04-stack-tecnologico.png>]
Overfull \hbox (31.73558pt too wide) in paragraph at lines 239--239
 [][]  \OT1/cmss/m/n/5 ([])  
 []


Overfull \hbox (68.59888pt too wide) in paragraph at lines 239--239
 [][][][]  
 []

<imagenes/05-flask.png, id=71, 1469.8983pt x 1889.43178pt>
File: imagenes/05-flask.png Graphic file (type png)
<use imagenes/05-flask.png>
Package pdftex.def Info: imagenes/05-flask.png  used on input line 239.
(pdftex.def)             Requested size: 1469.89471pt x 1889.42719pt.
File: imagenes/logopecera.png Graphic file (type png)
<use imagenes/logopecera.png>
Package pdftex.def Info: imagenes/logopecera.png  used on input line 239.
(pdftex.def)             Requested size: 62.13673pt x 22.76228pt.

Overfull \hbox (31.73558pt too wide) has occurred while \output is active
 [][]  \OT1/cmss/m/n/5 ([])  
 []


Overfull \hbox (68.59888pt too wide) has occurred while \output is active
 [][][][]  
 []

[6

 <./imagenes/05-flask.png>]
Overfull \hbox (31.73558pt too wide) in paragraph at lines 269--269
 [][]  \OT1/cmss/m/n/5 ([])  
 []


Overfull \hbox (68.59888pt too wide) in paragraph at lines 269--269
 [][][][]  
 []

<imagenes/06-earth-engine.png, id=80, 1156.32pt x 686.565pt>
File: imagenes/06-earth-engine.png Graphic file (type png)
<use imagenes/06-earth-engine.png>
Package pdftex.def Info: imagenes/06-earth-engine.png  used on input line 269.
(pdftex.def)             Requested size: 1156.31718pt x 686.56332pt.
File: imagenes/logopecera.png Graphic file (type png)
<use imagenes/logopecera.png>
Package pdftex.def Info: imagenes/logopecera.png  used on input line 269.
(pdftex.def)             Requested size: 62.13673pt x 22.76228pt.

Overfull \hbox (31.73558pt too wide) has occurred while \output is active
 [][]  \OT1/cmss/m/n/5 ([])  
 []


Overfull \hbox (68.59888pt too wide) has occurred while \output is active
 [][][][]  
 []

[7

 <./imagenes/06-earth-engine.png>]
Overfull \hbox (31.73558pt too wide) in paragraph at lines 299--299
 [][]  \OT1/cmss/m/n/5 ([])  
 []


Overfull \hbox (68.59888pt too wide) in paragraph at lines 299--299
 [][][][]  
 []

<imagenes/07-mapa-leaflet.png, id=90, 1156.32pt x 686.565pt>
File: imagenes/07-mapa-leaflet.png Graphic file (type png)
<use imagenes/07-mapa-leaflet.png>
Package pdftex.def Info: imagenes/07-mapa-leaflet.png  used on input line 299.
(pdftex.def)             Requested size: 1156.31718pt x 686.56332pt.
File: imagenes/logopecera.png Graphic file (type png)
<use imagenes/logopecera.png>
Package pdftex.def Info: imagenes/logopecera.png  used on input line 299.
(pdftex.def)             Requested size: 62.13673pt x 22.76228pt.

Overfull \hbox (31.73558pt too wide) has occurred while \output is active
 [][]  \OT1/cmss/m/n/5 ([])  
 []


Overfull \hbox (68.59888pt too wide) has occurred while \output is active
 [][][][]  
 []

[8

 <./imagenes/07-mapa-leaflet.png>]
Overfull \hbox (31.73558pt too wide) in paragraph at lines 350--350
 [][]  \OT1/cmss/m/n/5 ([])  
 []


Overfull \hbox (68.59888pt too wide) in paragraph at lines 350--350
 [][][][]  
 []


c:/Users/Guill3/Documents/RESIDENCIA PROFESIONAL/PRACTICAS/distributionMapApp/presentacion/presentacion.tex:350: LaTeX Error: There's no line here to end.

See the LaTeX manual or LaTeX Companion for explanation.
Type  H <return>  for immediate help.
 ...                                              
                                                  
l.350 \end{frame}
                 
Your command was ignored.
Type  I <command> <return>  to replace it with another command,
or  <return>  to continue without it.


c:/Users/Guill3/Documents/RESIDENCIA PROFESIONAL/PRACTICAS/distributionMapApp/presentacion/presentacion.tex:350: LaTeX Error: There's no line here to end.

See the LaTeX manual or LaTeX Companion for explanation.
Type  H <return>  for immediate help.
 ...                                              
                                                  
l.350 \end{frame}
                 
Your command was ignored.
Type  I <command> <return>  to replace it with another command,
or  <return>  to continue without it.


c:/Users/Guill3/Documents/RESIDENCIA PROFESIONAL/PRACTICAS/distributionMapApp/presentacion/presentacion.tex:350: LaTeX Error: There's no line here to end.

See the LaTeX manual or LaTeX Companion for explanation.
Type  H <return>  for immediate help.
 ...                                              
                                                  
l.350 \end{frame}
                 
Your command was ignored.
Type  I <command> <return>  to replace it with another command,
or  <return>  to continue without it.


c:/Users/Guill3/Documents/RESIDENCIA PROFESIONAL/PRACTICAS/distributionMapApp/presentacion/presentacion.tex:350: LaTeX Error: There's no line here to end.

See the LaTeX manual or LaTeX Companion for explanation.
Type  H <return>  for immediate help.
 ...                                              
                                                  
l.350 \end{frame}
                 
Your command was ignored.
Type  I <command> <return>  to replace it with another command,
or  <return>  to continue without it.

File: imagenes/logopecera.png Graphic file (type png)
<use imagenes/logopecera.png>
Package pdftex.def Info: imagenes/logopecera.png  used on input line 350.
(pdftex.def)             Requested size: 62.13673pt x 22.76228pt.

Overfull \hbox (31.73558pt too wide) has occurred while \output is active
 [][]  \OT1/cmss/m/n/5 ([])  
 []


Overfull \hbox (68.59888pt too wide) has occurred while \output is active
 [][][][]  
 []

[9

]

c:/Users/Guill3/Documents/RESIDENCIA PROFESIONAL/PRACTICAS/distributionMapApp/presentacion/presentacion.tex:350: LaTeX Error: There's no line here to end.

See the LaTeX manual or LaTeX Companion for explanation.
Type  H <return>  for immediate help.
 ...                                              
                                                  
l.350 \end{frame}
                 
Your command was ignored.
Type  I <command> <return>  to replace it with another command,
or  <return>  to continue without it.

<imagenes/08a-ndvi.png, id=106, 1156.32pt x 686.565pt>
File: imagenes/08a-ndvi.png Graphic file (type png)
<use imagenes/08a-ndvi.png>
Package pdftex.def Info: imagenes/08a-ndvi.png  used on input line 350.
(pdftex.def)             Requested size: 1156.31718pt x 686.56332pt.

c:/Users/Guill3/Documents/RESIDENCIA PROFESIONAL/PRACTICAS/distributionMapApp/presentacion/presentacion.tex:350: LaTeX Error: There's no line here to end.

See the LaTeX manual or LaTeX Companion for explanation.
Type  H <return>  for immediate help.
 ...                                              
                                                  
l.350 \end{frame}
                 
Your command was ignored.
Type  I <command> <return>  to replace it with another command,
or  <return>  to continue without it.


c:/Users/Guill3/Documents/RESIDENCIA PROFESIONAL/PRACTICAS/distributionMapApp/presentacion/presentacion.tex:350: LaTeX Error: There's no line here to end.

See the LaTeX manual or LaTeX Companion for explanation.
Type  H <return>  for immediate help.
 ...                                              
                                                  
l.350 \end{frame}
                 
Your command was ignored.
Type  I <command> <return>  to replace it with another command,
or  <return>  to continue without it.


c:/Users/Guill3/Documents/RESIDENCIA PROFESIONAL/PRACTICAS/distributionMapApp/presentacion/presentacion.tex:350: LaTeX Error: There's no line here to end.

See the LaTeX manual or LaTeX Companion for explanation.
Type  H <return>  for immediate help.
 ...                                              
                                                  
l.350 \end{frame}
                 
Your command was ignored.
Type  I <command> <return>  to replace it with another command,
or  <return>  to continue without it.

File: imagenes/logopecera.png Graphic file (type png)
<use imagenes/logopecera.png>
Package pdftex.def Info: imagenes/logopecera.png  used on input line 350.
(pdftex.def)             Requested size: 62.13673pt x 22.76228pt.

Overfull \hbox (31.73558pt too wide) has occurred while \output is active
 [][]  \OT1/cmss/m/n/5 ([])  
 []


Overfull \hbox (68.59888pt too wide) has occurred while \output is active
 [][][][]  
 []

[10

 <./imagenes/08a-ndvi.png>]

c:/Users/Guill3/Documents/RESIDENCIA PROFESIONAL/PRACTICAS/distributionMapApp/presentacion/presentacion.tex:350: LaTeX Error: There's no line here to end.

See the LaTeX manual or LaTeX Companion for explanation.
Type  H <return>  for immediate help.
 ...                                              
                                                  
l.350 \end{frame}
                 
Your command was ignored.
Type  I <command> <return>  to replace it with another command,
or  <return>  to continue without it.


c:/Users/Guill3/Documents/RESIDENCIA PROFESIONAL/PRACTICAS/distributionMapApp/presentacion/presentacion.tex:350: LaTeX Error: There's no line here to end.

See the LaTeX manual or LaTeX Companion for explanation.
Type  H <return>  for immediate help.
 ...                                              
                                                  
l.350 \end{frame}
                 
Your command was ignored.
Type  I <command> <return>  to replace it with another command,
or  <return>  to continue without it.

<imagenes/08b-temperatura.png, id=114, 1156.32pt x 686.565pt>
File: imagenes/08b-temperatura.png Graphic file (type png)
<use imagenes/08b-temperatura.png>
Package pdftex.def Info: imagenes/08b-temperatura.png  used on input line 350.
(pdftex.def)             Requested size: 1156.31718pt x 686.56332pt.

c:/Users/Guill3/Documents/RESIDENCIA PROFESIONAL/PRACTICAS/distributionMapApp/presentacion/presentacion.tex:350: LaTeX Error: There's no line here to end.

See the LaTeX manual or LaTeX Companion for explanation.
Type  H <return>  for immediate help.
 ...                                              
                                                  
l.350 \end{frame}
                 
Your command was ignored.
Type  I <command> <return>  to replace it with another command,
or  <return>  to continue without it.


c:/Users/Guill3/Documents/RESIDENCIA PROFESIONAL/PRACTICAS/distributionMapApp/presentacion/presentacion.tex:350: LaTeX Error: There's no line here to end.

See the LaTeX manual or LaTeX Companion for explanation.
Type  H <return>  for immediate help.
 ...                                              
                                                  
l.350 \end{frame}
                 
Your command was ignored.
Type  I <command> <return>  to replace it with another command,
or  <return>  to continue without it.

File: imagenes/logopecera.png Graphic file (type png)
<use imagenes/logopecera.png>
Package pdftex.def Info: imagenes/logopecera.png  used on input line 350.
(pdftex.def)             Requested size: 62.13673pt x 22.76228pt.

Overfull \hbox (31.73558pt too wide) has occurred while \output is active
 [][]  \OT1/cmss/m/n/5 ([])  
 []


Overfull \hbox (68.59888pt too wide) has occurred while \output is active
 [][][][]  
 []

[11

 <./imagenes/08b-temperatura.png>]

c:/Users/Guill3/Documents/RESIDENCIA PROFESIONAL/PRACTICAS/distributionMapApp/presentacion/presentacion.tex:350: LaTeX Error: There's no line here to end.

See the LaTeX manual or LaTeX Companion for explanation.
Type  H <return>  for immediate help.
 ...                                              
                                                  
l.350 \end{frame}
                 
Your command was ignored.
Type  I <command> <return>  to replace it with another command,
or  <return>  to continue without it.


c:/Users/Guill3/Documents/RESIDENCIA PROFESIONAL/PRACTICAS/distributionMapApp/presentacion/presentacion.tex:350: LaTeX Error: There's no line here to end.

See the LaTeX manual or LaTeX Companion for explanation.
Type  H <return>  for immediate help.
 ...                                              
                                                  
l.350 \end{frame}
                 
Your command was ignored.
Type  I <command> <return>  to replace it with another command,
or  <return>  to continue without it.


c:/Users/Guill3/Documents/RESIDENCIA PROFESIONAL/PRACTICAS/distributionMapApp/presentacion/presentacion.tex:350: LaTeX Error: There's no line here to end.

See the LaTeX manual or LaTeX Companion for explanation.
Type  H <return>  for immediate help.
 ...                                              
                                                  
l.350 \end{frame}
                 
Your command was ignored.
Type  I <command> <return>  to replace it with another command,
or  <return>  to continue without it.

<imagenes/08c-humedad-suelo.png, id=122, 1156.32pt x 686.565pt>
File: imagenes/08c-humedad-suelo.png Graphic file (type png)
<use imagenes/08c-humedad-suelo.png>
Package pdftex.def Info: imagenes/08c-humedad-suelo.png  used on input line 350.
(pdftex.def)             Requested size: 1156.31718pt x 686.56332pt.

c:/Users/Guill3/Documents/RESIDENCIA PROFESIONAL/PRACTICAS/distributionMapApp/presentacion/presentacion.tex:350: LaTeX Error: There's no line here to end.

See the LaTeX manual or LaTeX Companion for explanation.
Type  H <return>  for immediate help.
 ...                                              
                                                  
l.350 \end{frame}
                 
Your command was ignored.
Type  I <command> <return>  to replace it with another command,
or  <return>  to continue without it.

File: imagenes/logopecera.png Graphic file (type png)
<use imagenes/logopecera.png>
Package pdftex.def Info: imagenes/logopecera.png  used on input line 350.
(pdftex.def)             Requested size: 62.13673pt x 22.76228pt.

Overfull \hbox (31.73558pt too wide) has occurred while \output is active
 [][]  \OT1/cmss/m/n/5 ([])  
 []


Overfull \hbox (68.59888pt too wide) has occurred while \output is active
 [][][][]  
 []

[12

 <./imagenes/08c-humedad-suelo.png>]

c:/Users/Guill3/Documents/RESIDENCIA PROFESIONAL/PRACTICAS/distributionMapApp/presentacion/presentacion.tex:350: LaTeX Error: There's no line here to end.

See the LaTeX manual or LaTeX Companion for explanation.
Type  H <return>  for immediate help.
 ...                                              
                                                  
l.350 \end{frame}
                 
Your command was ignored.
Type  I <command> <return>  to replace it with another command,
or  <return>  to continue without it.


c:/Users/Guill3/Documents/RESIDENCIA PROFESIONAL/PRACTICAS/distributionMapApp/presentacion/presentacion.tex:350: LaTeX Error: There's no line here to end.

See the LaTeX manual or LaTeX Companion for explanation.
Type  H <return>  for immediate help.
 ...                                              
                                                  
l.350 \end{frame}
                 
Your command was ignored.
Type  I <command> <return>  to replace it with another command,
or  <return>  to continue without it.


c:/Users/Guill3/Documents/RESIDENCIA PROFESIONAL/PRACTICAS/distributionMapApp/presentacion/presentacion.tex:350: LaTeX Error: There's no line here to end.

See the LaTeX manual or LaTeX Companion for explanation.
Type  H <return>  for immediate help.
 ...                                              
                                                  
l.350 \end{frame}
                 
Your command was ignored.
Type  I <command> <return>  to replace it with another command,
or  <return>  to continue without it.


c:/Users/Guill3/Documents/RESIDENCIA PROFESIONAL/PRACTICAS/distributionMapApp/presentacion/presentacion.tex:350: LaTeX Error: There's no line here to end.

See the LaTeX manual or LaTeX Companion for explanation.
Type  H <return>  for immediate help.
 ...                                              
                                                  
l.350 \end{frame}
                 
Your command was ignored.
Type  I <command> <return>  to replace it with another command,
or  <return>  to continue without it.

<imagenes/08d-precipitacion.png, id=130, 1156.32pt x 686.565pt>
File: imagenes/08d-precipitacion.png Graphic file (type png)
<use imagenes/08d-precipitacion.png>
Package pdftex.def Info: imagenes/08d-precipitacion.png  used on input line 350.
(pdftex.def)             Requested size: 1156.31718pt x 686.56332pt.
File: imagenes/logopecera.png Graphic file (type png)
<use imagenes/logopecera.png>
Package pdftex.def Info: imagenes/logopecera.png  used on input line 350.
(pdftex.def)             Requested size: 62.13673pt x 22.76228pt.

Overfull \hbox (31.73558pt too wide) has occurred while \output is active
 [][]  \OT1/cmss/m/n/5 ([])  
 []


Overfull \hbox (68.59888pt too wide) has occurred while \output is active
 [][][][]  
 []

[13

 <./imagenes/08d-precipitacion.png>]

c:/Users/Guill3/Documents/RESIDENCIA PROFESIONAL/PRACTICAS/distributionMapApp/presentacion/presentacion.tex:350: LaTeX Error: There's no line here to end.

See the LaTeX manual or LaTeX Companion for explanation.
Type  H <return>  for immediate help.
 ...                                              
                                                  
l.350 \end{frame}
                 
Your command was ignored.
Type  I <command> <return>  to replace it with another command,
or  <return>  to continue without it.


c:/Users/Guill3/Documents/RESIDENCIA PROFESIONAL/PRACTICAS/distributionMapApp/presentacion/presentacion.tex:350: LaTeX Error: There's no line here to end.

See the LaTeX manual or LaTeX Companion for explanation.
Type  H <return>  for immediate help.
 ...                                              
                                                  
l.350 \end{frame}
                 
Your command was ignored.
Type  I <command> <return>  to replace it with another command,
or  <return>  to continue without it.


c:/Users/Guill3/Documents/RESIDENCIA PROFESIONAL/PRACTICAS/distributionMapApp/presentacion/presentacion.tex:350: LaTeX Error: There's no line here to end.

See the LaTeX manual or LaTeX Companion for explanation.
Type  H <return>  for immediate help.
 ...                                              
                                                  
l.350 \end{frame}
                 
Your command was ignored.
Type  I <command> <return>  to replace it with another command,
or  <return>  to continue without it.


c:/Users/Guill3/Documents/RESIDENCIA PROFESIONAL/PRACTICAS/distributionMapApp/presentacion/presentacion.tex:350: LaTeX Error: There's no line here to end.

See the LaTeX manual or LaTeX Companion for explanation.
Type  H <return>  for immediate help.
 ...                                              
                                                  
l.350 \end{frame}
                 
Your command was ignored.
Type  I <command> <return>  to replace it with another command,
or  <return>  to continue without it.


c:/Users/Guill3/Documents/RESIDENCIA PROFESIONAL/PRACTICAS/distributionMapApp/presentacion/presentacion.tex:350: LaTeX Error: There's no line here to end.

See the LaTeX manual or LaTeX Companion for explanation.
Type  H <return>  for immediate help.
 ...                                              
                                                  
l.350 \end{frame}
                 
Your command was ignored.
Type  I <command> <return>  to replace it with another command,
or  <return>  to continue without it.

<imagenes/08e-agua-superficial.png, id=139, 1156.32pt x 686.565pt>
File: imagenes/08e-agua-superficial.png Graphic file (type png)
<use imagenes/08e-agua-superficial.png>
Package pdftex.def Info: imagenes/08e-agua-superficial.png  used on input line 350.
(pdftex.def)             Requested size: 1156.31718pt x 686.56332pt.
File: imagenes/logopecera.png Graphic file (type png)
<use imagenes/logopecera.png>
Package pdftex.def Info: imagenes/logopecera.png  used on input line 350.
(pdftex.def)             Requested size: 62.13673pt x 22.76228pt.

Overfull \hbox (31.73558pt too wide) has occurred while \output is active
 [][]  \OT1/cmss/m/n/5 ([])  
 []


Overfull \hbox (68.59888pt too wide) has occurred while \output is active
 [][][][]  
 []

[14

 <./imagenes/08e-agua-superficial.png>]
Overfull \hbox (31.73558pt too wide) in paragraph at lines 376--376
 [][]  \OT1/cmss/m/n/5 ([])  
 []


Overfull \hbox (68.59888pt too wide) in paragraph at lines 376--376
 [][][][]  
 []

<imagenes/10-seleccion-area.png, id=148, 1156.32pt x 686.565pt>
File: imagenes/10-seleccion-area.png Graphic file (type png)
<use imagenes/10-seleccion-area.png>
Package pdftex.def Info: imagenes/10-seleccion-area.png  used on input line 376.
(pdftex.def)             Requested size: 1156.31718pt x 686.56332pt.
File: imagenes/logopecera.png Graphic file (type png)
<use imagenes/logopecera.png>
Package pdftex.def Info: imagenes/logopecera.png  used on input line 376.
(pdftex.def)             Requested size: 62.13673pt x 22.76228pt.

Overfull \hbox (31.73558pt too wide) has occurred while \output is active
 [][]  \OT1/cmss/m/n/5 ([])  
 []


Overfull \hbox (68.59888pt too wide) has occurred while \output is active
 [][][][]  
 []

[15

 <./imagenes/10-seleccion-area.png>]
Overfull \hbox (31.73558pt too wide) in paragraph at lines 404--404
 [][]  \OT1/cmss/m/n/5 ([])  
 []


Overfull \hbox (68.59888pt too wide) in paragraph at lines 404--404
 [][][][]  
 []

<imagenes/11-animacion-ndvi.png, id=158, 790.75426pt x 433.62pt>
File: imagenes/11-animacion-ndvi.png Graphic file (type png)
<use imagenes/11-animacion-ndvi.png>
Package pdftex.def Info: imagenes/11-animacion-ndvi.png  used on input line 404.
(pdftex.def)             Requested size: 790.75233pt x 433.61894pt.
File: imagenes/logopecera.png Graphic file (type png)
<use imagenes/logopecera.png>
Package pdftex.def Info: imagenes/logopecera.png  used on input line 404.
(pdftex.def)             Requested size: 62.13673pt x 22.76228pt.

Overfull \hbox (31.73558pt too wide) has occurred while \output is active
 [][]  \OT1/cmss/m/n/5 ([])  
 []


Overfull \hbox (68.59888pt too wide) has occurred while \output is active
 [][][][]  
 []

[16

 <./imagenes/11-animacion-ndvi.png>]
Overfull \hbox (31.73558pt too wide) in paragraph at lines 432--432
 [][]  \OT1/cmss/m/n/5 ([])  
 []


Overfull \hbox (68.59888pt too wide) in paragraph at lines 432--432
 [][][][]  
 []

<imagenes/12-serie-temporal.png, id=167, 955.77075pt x 186.6975pt>
File: imagenes/12-serie-temporal.png Graphic file (type png)
<use imagenes/12-serie-temporal.png>
Package pdftex.def Info: imagenes/12-serie-temporal.png  used on input line 432.
(pdftex.def)             Requested size: 955.76843pt x 186.69704pt.
File: imagenes/logopecera.png Graphic file (type png)
<use imagenes/logopecera.png>
Package pdftex.def Info: imagenes/logopecera.png  used on input line 432.
(pdftex.def)             Requested size: 62.13673pt x 22.76228pt.

Overfull \hbox (31.73558pt too wide) has occurred while \output is active
 [][]  \OT1/cmss/m/n/5 ([])  
 []


Overfull \hbox (68.59888pt too wide) has occurred while \output is active
 [][][][]  
 []

[17

 <./imagenes/12-serie-temporal.png>]
Overfull \hbox (31.73558pt too wide) in paragraph at lines 475--475
 [][]  \OT1/cmss/m/n/5 ([])  
 []


Overfull \hbox (68.59888pt too wide) in paragraph at lines 475--475
 [][][][]  
 []

File: imagenes/logopecera.png Graphic file (type png)
<use imagenes/logopecera.png>
Package pdftex.def Info: imagenes/logopecera.png  used on input line 475.
(pdftex.def)             Requested size: 62.13673pt x 22.76228pt.

Overfull \hbox (31.73558pt too wide) has occurred while \output is active
 [][]  \OT1/cmss/m/n/5 ([])  
 []


Overfull \hbox (68.59888pt too wide) has occurred while \output is active
 [][][][]  
 []

[18

]
Overfull \hbox (31.73558pt too wide) in paragraph at lines 511--511
 [][]  \OT1/cmss/m/n/5 ([])  
 []


Overfull \hbox (68.59888pt too wide) in paragraph at lines 511--511
 [][][][]  
 []

<imagenes/20-ejemplo-ndvi.png, id=184, 1156.32pt x 686.565pt>
File: imagenes/20-ejemplo-ndvi.png Graphic file (type png)
<use imagenes/20-ejemplo-ndvi.png>
Package pdftex.def Info: imagenes/20-ejemplo-ndvi.png  used on input line 511.
(pdftex.def)             Requested size: 1156.31718pt x 686.56332pt.
File: imagenes/logopecera.png Graphic file (type png)
<use imagenes/logopecera.png>
Package pdftex.def Info: imagenes/logopecera.png  used on input line 511.
(pdftex.def)             Requested size: 62.13673pt x 22.76228pt.

Overfull \hbox (31.73558pt too wide) has occurred while \output is active
 [][]  \OT1/cmss/m/n/5 ([])  
 []


Overfull \hbox (68.59888pt too wide) has occurred while \output is active
 [][][][]  
 []

[19

 <./imagenes/20-ejemplo-ndvi.png>]
Overfull \hbox (31.73558pt too wide) in paragraph at lines 531--531
 [][]  \OT1/cmss/m/n/5 ([])  
 []


Overfull \hbox (68.59888pt too wide) in paragraph at lines 531--531
 [][][][]  
 []

<imagenes/21-ejemplo-temperatura.png, id=196, 1156.32pt x 686.565pt>
File: imagenes/21-ejemplo-temperatura.png Graphic file (type png)
<use imagenes/21-ejemplo-temperatura.png>
Package pdftex.def Info: imagenes/21-ejemplo-temperatura.png  used on input line 531.
(pdftex.def)             Requested size: 1156.31718pt x 686.56332pt.
File: imagenes/logopecera.png Graphic file (type png)
<use imagenes/logopecera.png>
Package pdftex.def Info: imagenes/logopecera.png  used on input line 531.
(pdftex.def)             Requested size: 62.13673pt x 22.76228pt.

Overfull \hbox (31.73558pt too wide) has occurred while \output is active
 [][]  \OT1/cmss/m/n/5 ([])  
 []


Overfull \hbox (68.59888pt too wide) has occurred while \output is active
 [][][][]  
 []

[20

 <./imagenes/21-ejemplo-temperatura.png>]
Overfull \hbox (31.73558pt too wide) in paragraph at lines 551--551
 [][]  \OT1/cmss/m/n/5 ([])  
 []


Overfull \hbox (68.59888pt too wide) in paragraph at lines 551--551
 [][][][]  
 []

<imagenes/29-ejemplo-humedad-suelo.png, id=205, 1156.32pt x 686.565pt>
File: imagenes/29-ejemplo-humedad-suelo.png Graphic file (type png)
<use imagenes/29-ejemplo-humedad-suelo.png>
Package pdftex.def Info: imagenes/29-ejemplo-humedad-suelo.png  used on input line 551.
(pdftex.def)             Requested size: 1156.31718pt x 686.56332pt.
File: imagenes/logopecera.png Graphic file (type png)
<use imagenes/logopecera.png>
Package pdftex.def Info: imagenes/logopecera.png  used on input line 551.
(pdftex.def)             Requested size: 62.13673pt x 22.76228pt.

Overfull \hbox (31.73558pt too wide) has occurred while \output is active
 [][]  \OT1/cmss/m/n/5 ([])  
 []


Overfull \hbox (68.59888pt too wide) has occurred while \output is active
 [][][][]  
 []

[21

 <./imagenes/29-ejemplo-humedad-suelo.png>]
Overfull \hbox (31.73558pt too wide) in paragraph at lines 571--571
 [][]  \OT1/cmss/m/n/5 ([])  
 []


Overfull \hbox (68.59888pt too wide) in paragraph at lines 571--571
 [][][][]  
 []

<imagenes/30-ejemplo-precipitacion.png, id=214, 1156.32pt x 686.565pt>
File: imagenes/30-ejemplo-precipitacion.png Graphic file (type png)
<use imagenes/30-ejemplo-precipitacion.png>
Package pdftex.def Info: imagenes/30-ejemplo-precipitacion.png  used on input line 571.
(pdftex.def)             Requested size: 1156.31718pt x 686.56332pt.
File: imagenes/logopecera.png Graphic file (type png)
<use imagenes/logopecera.png>
Package pdftex.def Info: imagenes/logopecera.png  used on input line 571.
(pdftex.def)             Requested size: 62.13673pt x 22.76228pt.

Overfull \hbox (31.73558pt too wide) has occurred while \output is active
 [][]  \OT1/cmss/m/n/5 ([])  
 []


Overfull \hbox (68.59888pt too wide) has occurred while \output is active
 [][][][]  
 []

[22

 <./imagenes/30-ejemplo-precipitacion.png>]
Overfull \hbox (31.73558pt too wide) in paragraph at lines 591--591
 [][]  \OT1/cmss/m/n/5 ([])  
 []


Overfull \hbox (68.59888pt too wide) in paragraph at lines 591--591
 [][][][]  
 []

<imagenes/31-ejemplo-agua-superficial.png, id=223, 1156.32pt x 686.565pt>
File: imagenes/31-ejemplo-agua-superficial.png Graphic file (type png)
<use imagenes/31-ejemplo-agua-superficial.png>
Package pdftex.def Info: imagenes/31-ejemplo-agua-superficial.png  used on input line 591.
(pdftex.def)             Requested size: 1156.31718pt x 686.56332pt.
File: imagenes/logopecera.png Graphic file (type png)
<use imagenes/logopecera.png>
Package pdftex.def Info: imagenes/logopecera.png  used on input line 591.
(pdftex.def)             Requested size: 62.13673pt x 22.76228pt.

Overfull \hbox (31.73558pt too wide) has occurred while \output is active
 [][]  \OT1/cmss/m/n/5 ([])  
 []


Overfull \hbox (68.59888pt too wide) has occurred while \output is active
 [][][][]  
 []

[23

 <./imagenes/31-ejemplo-agua-superficial.png>]
Overfull \hbox (31.73558pt too wide) in paragraph at lines 627--627
 [][]  \OT1/cmss/m/n/5 ([])  
 []


Overfull \hbox (68.59888pt too wide) in paragraph at lines 627--627
 [][][][]  
 []

File: imagenes/logopecera.png Graphic file (type png)
<use imagenes/logopecera.png>
Package pdftex.def Info: imagenes/logopecera.png  used on input line 627.
(pdftex.def)             Requested size: 62.13673pt x 22.76228pt.

Overfull \hbox (31.73558pt too wide) has occurred while \output is active
 [][]  \OT1/cmss/m/n/5 ([])  
 []


Overfull \hbox (68.59888pt too wide) has occurred while \output is active
 [][][][]  
 []

[24

]
Overfull \hbox (31.73558pt too wide) in paragraph at lines 641--641
 [][]  \OT1/cmss/m/n/5 ([])  
 []


Overfull \hbox (68.59888pt too wide) in paragraph at lines 641--641
 [][][][]  
 []

File: imagenes/logopecera.png Graphic file (type png)
<use imagenes/logopecera.png>
Package pdftex.def Info: imagenes/logopecera.png  used on input line 641.
(pdftex.def)             Requested size: 62.13673pt x 22.76228pt.

Overfull \hbox (31.73558pt too wide) has occurred while \output is active
 [][]  \OT1/cmss/m/n/5 ([])  
 []


Overfull \hbox (68.59888pt too wide) has occurred while \output is active
 [][][][]  
 []

[25

]
\tf@nav=\write6
\openout6 = `presentacion.nav'.

\tf@toc=\write7
\openout7 = `presentacion.toc'.

\tf@snm=\write8
\openout8 = `presentacion.snm'.

 (c:\Users\Guill3\Documents\RESIDENCIA PROFESIONAL\PRACTICAS\distributionMapApp\presentacion\build\presentacion.aux
LaTeX Info: Redefining \. on input line 11.
LaTeX Info: Redefining \% on input line 11.
)
 ***********
LaTeX2e <2025-11-01>
L3 programming layer <2025-11-06>
 ***********


Package rerunfilecheck Warning: File `presentacion.out' has changed.
(rerunfilecheck)                Rerun to get outlines right
(rerunfilecheck)                or use package `bookmark'.

Package rerunfilecheck Info: Checksums for `presentacion.out':
(rerunfilecheck)             Before: 4A342E64CE76CD129473797AE265CF0E;265
(rerunfilecheck)             After:  7C8B2D10C800AC1A373B9FF8649A46A5;824.
 ) 
Here is how much of TeX's memory you used:
 29998 strings out of 467871
 611358 string characters out of 5417891
 964810 words of memory out of 5000000
 58273 multiletter control sequences out of 15000+600000
 633664 words of font info for 61 fonts, out of 8000000 for 9000
 1141 hyphenation exceptions out of 8191
 128i,16n,123p,951b,783s stack positions out of 10000i,1000n,20000p,200000b,200000s
 <C:\Users\Guill3\AppData\Local\MiKTeX\fonts/pk/ljfour/jknappen/ec/dpi600\tcss1000.pk><C:/Users/Guill3/AppData/Local/Programs/MiKTeX/fonts/type1/public/amsfonts/cm/cmss10.pfb><C:/Users/Guill3/AppData/Local/Programs/MiKTeX/fonts/type1/public/amsfonts/cm/cmss12.pfb><C:/Users/Guill3/AppData/Local/Programs/MiKTeX/fonts/type1/public/amsfonts/cm/cmss8.pfb><C:/Users/Guill3/AppData/Local/Programs/MiKTeX/fonts/type1/public/amsfonts/cm/cmss9.pfb><C:/Users/Guill3/AppData/Local/Programs/MiKTeX/fonts/type1/public/amsfonts/cm/cmssbx10.pfb><C:/Users/Guill3/AppData/Local/Programs/MiKTeX/fonts/type1/public/amsfonts/cm/cmsy10.pfb>
Output written on "c:\Users\Guill3\Documents\RESIDENCIA PROFESIONAL\PRACTICAS\distributionMapApp\presentacion\build\presentacion.pdf" (25 pages, 181826228 bytes).
PDF statistics:
 291 PDF objects out of 1000 (max. 8388607)
 58 named destinations out of 1000 (max. 500000)
 154 words of extra memory for PDF output out of 10000 (max. 10000000)

